<?xml version="1.0" encoding="UTF-8"?>
<!-- Generated by org.testng.reporters.JUnitReportReporter -->
<testsuite hostname="lalitlaptopnew" failures="0" tests="1" name="BasicDataDriven" time="12.383" errors="0" timestamp="26 Mar 2020 12:13:25 GMT">
  <testcase classname="BasicDataDriven" name="Login" time="12.383"/>
</testsuite> <!-- BasicDataDriven -->
