<?xml version="1.0" encoding="UTF-8"?>
<!-- Generated by org.testng.reporters.JUnitReportReporter -->
<testsuite hostname="lalitlaptopnew" failures="0" tests="2" name="com.mycompany.app.AppiumTest" time="0.012" errors="0" timestamp="28 Mar 2020 14:49:51 GMT">
  <testcase classname="com.mycompany.app.AppiumTest" name="IOS" time="0.000"/>
  <testcase classname="com.mycompany.app.AppiumTest" name="AndroidDemo" time="0.012"/>
</testsuite> <!-- com.mycompany.app.AppiumTest -->
