<?xml version="1.0" encoding="UTF-8"?>
<!-- Generated by org.testng.reporters.JUnitReportReporter -->
<testsuite hostname="lalitlaptopnew" failures="0" tests="2" name="com.mycompany.app.SeleniumTest" time="0.001" errors="0" timestamp="28 Mar 2020 14:49:51 GMT">
  <testcase classname="com.mycompany.app.SeleniumTest" name="SeleniumDemo" time="0.001"/>
  <testcase classname="com.mycompany.app.SeleniumTest" name="DemoAutomation" time="0.000"/>
</testsuite> <!-- com.mycompany.app.SeleniumTest -->
