<?xml version="1.0" encoding="UTF-8"?>
<!-- Generated by org.testng.reporters.JUnitReportReporter -->
<testsuite hostname="lalitlaptopnew" failures="0" tests="2" name="com.mycompany.app.RestApiTest" time="0.010" errors="0" timestamp="28 Mar 2020 14:50:14 GMT">
  <testcase classname="com.mycompany.app.RestApiTest" name="RestAPIDemo" time="0.010"/>
  <testcase classname="com.mycompany.app.RestApiTest" name="RestAssuered" time="0.000"/>
</testsuite> <!-- com.mycompany.app.RestApiTest -->
