<?xml version="1.0" encoding="UTF-8"?>
<!-- Generated by org.testng.reporters.JUnitReportReporter -->
<testsuite hostname="lalitlaptopnew" failures="0" tests="1" name="TestCases.Loginapplication" time="33.280" errors="0" timestamp="25 Apr 2020 04:54:24 GMT">
  <testcase classname="TestCases.Loginapplication" name="login" time="33.280"/>
</testsuite> <!-- TestCases.Loginapplication -->
