<?xml version="1.0" encoding="UTF-8"?>
<!-- Generated by org.testng.reporters.JUnitReportReporter -->
<testsuite hostname="lalitlaptopnew" failures="0" tests="1" name="DemoPackage.Demopackage" time="0.012" errors="0" timestamp="24 Mar 2020 11:01:14 GMT">
  <testcase classname="DemoPackage.Demopackage" name="packagedemo" time="0.012"/>
</testsuite> <!-- DemoPackage.Demopackage -->
