<?xml version="1.0" encoding="UTF-8"?>
<!-- Generated by org.testng.reporters.JUnitReportReporter -->
<testsuite hostname="lalitlaptopnew" failures="0" tests="4" name="TestngDemo.Day3" time="0.050" errors="0" timestamp="26 Mar 2020 07:54:13 GMT">
  <testcase classname="TestngDemo.Day3" name="Weblogin" time="0.006"/>
  <testcase classname="TestngDemo.Day3" name="APIlogin" time="0.019"/>
  <testcase classname="TestngDemo.Day3" name="hello" time="0.012"/>
  <testcase classname="TestngDemo.Day3" name="Mobilelogin" time="0.013"/>
</testsuite> <!-- TestngDemo.Day3 -->
