<?xml version="1.0" encoding="UTF-8"?>
<!-- Generated by org.testng.reporters.JUnitReportReporter -->
<testsuite hostname="lalitlaptopnew" failures="0" tests="2" name="TestngDemo.Day1" time="0.032" errors="0" timestamp="26 Mar 2020 07:54:13 GMT">
  <testcase classname="TestngDemo.Day1" name="Demo" time="0.020"/>
  <testcase classname="TestngDemo.Day1" name="print" time="0.012"/>
</testsuite> <!-- TestngDemo.Day1 -->
