<?xml version="1.0" encoding="UTF-8"?>
<!-- Generated by org.testng.reporters.JUnitReportReporter -->
<testsuite hostname="lalitlaptopnew" failures="0" tests="5" name="TestngDemo.Day4" time="0.021" errors="0" timestamp="26 Mar 2020 07:54:13 GMT">
  <testcase classname="TestngDemo.Day4" name="A" time="0.001"/>
  <testcase classname="TestngDemo.Day4" name="A" time="0.005"/>
  <testcase classname="TestngDemo.Day4" name="C" time="0.003"/>
  <testcase classname="TestngDemo.Day4" name="A" time="0.002"/>
  <testcase classname="TestngDemo.Day4" name="B" time="0.010"/>
</testsuite> <!-- TestngDemo.Day4 -->
