<?xml version="1.0" encoding="UTF-8"?>
<!-- Generated by org.testng.reporters.JUnitReportReporter -->
<testsuite hostname="lalitlaptopnew" failures="0" tests="1" name="TestngDemo.Day2" time="0.018" errors="0" timestamp="26 Mar 2020 07:54:13 GMT">
  <testcase classname="TestngDemo.Day2" name="DemoABC" time="0.018"/>
</testsuite> <!-- TestngDemo.Day2 -->
